<?xml version="1.0" encoding="UTF-8"?>
<!-- Generated by org.testng.reporters.JUnitReportReporter -->
<testsuite hostname="INLaptop140.local" name="com.galenframework.java.sample.tests.TbooksHomePageTest" tests="2" failures="2" timestamp="18 May 2020 12:01:08 GMT" time="170.031" errors="0">
  <testcase name="loginPage_User_onDevice" time="91.950" classname="com.galenframework.java.sample.tests.TbooksHomePageTest">
    <failure type="com.galenframework.support.LayoutValidationException" message="/specs/TbooksFirstIssuancePage.spec, tags: [desktop]
  - &quot;header-logo&quot; is absent on page (/specs/TbooksFirstIssuancePage.spec:20)
  - &quot;header-logo&quot; is absent on page (/specs/TbooksFirstIssuancePage.spec:21)
  - &quot;header-logo&quot; is absent on page (/specs/TbooksFirstIssuancePage.spec:22)
  - &quot;header-logo&quot; is absent on page (/specs/TbooksFirstIssuancePage.spec:23)
  - &quot;header-logo&quot; is absent on page (/specs/TbooksFirstIssuancePage.spec:24)
  - &quot;header-logo&quot; is absent on page (/specs/TbooksFirstIssuancePage.spec:25)
  - &quot;header-logo&quot; is absent on page (/specs/TbooksFirstIssuancePage.spec:26)
  - &quot;header-logo&quot; is absent on page (/specs/TbooksFirstIssuancePage.spec:27)
  - &quot;header-logo&quot; is absent on page (/specs/TbooksFirstIssuancePage.spec:28)
  - &quot;header-logo&quot; is absent on page (/specs/TbooksFirstIssuancePage.spec:29)
  - &quot;header-logo&quot; is absent on page (/specs/TbooksFirstIssuancePage.spec:30)
  - &quot;header-logo&quot; is absent on page (/specs/TbooksFirstIssuancePage.spec:31)
  - &quot;header-logo&quot; is absent on page (/specs/TbooksFirstIssuancePage.spec:32)
  - &quot;header-logo&quot; is absent on page (/specs/TbooksFirstIssuancePage.spec:33)
">
      <![CDATA[com.galenframework.support.LayoutValidationException: /specs/TbooksFirstIssuancePage.spec, tags: [desktop]
  - "header-logo" is absent on page (/specs/TbooksFirstIssuancePage.spec:20)
  - "header-logo" is absent on page (/specs/TbooksFirstIssuancePage.spec:21)
  - "header-logo" is absent on page (/specs/TbooksFirstIssuancePage.spec:22)
  - "header-logo" is absent on page (/specs/TbooksFirstIssuancePage.spec:23)
  - "header-logo" is absent on page (/specs/TbooksFirstIssuancePage.spec:24)
  - "header-logo" is absent on page (/specs/TbooksFirstIssuancePage.spec:25)
  - "header-logo" is absent on page (/specs/TbooksFirstIssuancePage.spec:26)
  - "header-logo" is absent on page (/specs/TbooksFirstIssuancePage.spec:27)
  - "header-logo" is absent on page (/specs/TbooksFirstIssuancePage.spec:28)
  - "header-logo" is absent on page (/specs/TbooksFirstIssuancePage.spec:29)
  - "header-logo" is absent on page (/specs/TbooksFirstIssuancePage.spec:30)
  - "header-logo" is absent on page (/specs/TbooksFirstIssuancePage.spec:31)
  - "header-logo" is absent on page (/specs/TbooksFirstIssuancePage.spec:32)
  - "header-logo" is absent on page (/specs/TbooksFirstIssuancePage.spec:33)

	at com.galenframework.support.GalenJavaTestBase.checkLayout(GalenJavaTestBase.java:129)
	at com.galenframework.support.GalenJavaTestBase.checkLayout(GalenJavaTestBase.java:111)
	at com.galenframework.java.sample.tests.TbooksHomePageTest.loginPage_User_onDevice(TbooksHomePageTest.java:36)
	at sun.reflect.NativeMethodAccessorImpl.invoke0(Native Method)
	at sun.reflect.NativeMethodAccessorImpl.invoke(NativeMethodAccessorImpl.java:62)
	at sun.reflect.DelegatingMethodAccessorImpl.invoke(DelegatingMethodAccessorImpl.java:43)
	at java.lang.reflect.Method.invoke(Method.java:498)
	at org.testng.internal.MethodInvocationHelper.invokeMethod(MethodInvocationHelper.java:80)
	at org.testng.internal.Invoker.invokeMethod(Invoker.java:715)
	at org.testng.internal.Invoker.invokeTestMethod(Invoker.java:907)
	at org.testng.internal.Invoker.invokeTestMethods(Invoker.java:1237)
	at org.testng.internal.TestMethodWorker.invokeTestMethods(TestMethodWorker.java:127)
	at org.testng.internal.TestMethodWorker.run(TestMethodWorker.java:111)
	at org.testng.TestRunner.privateRun(TestRunner.java:767)
	at org.testng.TestRunner.run(TestRunner.java:617)
	at org.testng.SuiteRunner.runTest(SuiteRunner.java:334)
	at org.testng.SuiteRunner.runSequentially(SuiteRunner.java:329)
	at org.testng.SuiteRunner.privateRun(SuiteRunner.java:291)
	at org.testng.SuiteRunner.run(SuiteRunner.java:240)
	at org.testng.SuiteRunnerWorker.runSuite(SuiteRunnerWorker.java:51)
	at org.testng.SuiteRunnerWorker.run(SuiteRunnerWorker.java:85)
	at org.testng.TestNG.runSuitesSequentially(TestNG.java:1197)
	at org.testng.TestNG.runSuitesLocally(TestNG.java:1122)
	at org.testng.TestNG.run(TestNG.java:1030)
	at org.testng.remote.AbstractRemoteTestNG.run(AbstractRemoteTestNG.java:114)
	at org.testng.remote.RemoteTestNG.initAndRun(RemoteTestNG.java:251)
	at org.testng.remote.RemoteTestNG.main(RemoteTestNG.java:77)
]]>
    </failure>
  </testcase> <!-- loginPage_User_onDevice -->
  <testcase name="loginPage_shouldLookGood_onDevice" time="78.081" classname="com.galenframework.java.sample.tests.TbooksHomePageTest">
    <failure type="com.galenframework.support.LayoutValidationException" message="/specs/TbooksLoginPage.spec, tags: [desktop]
  - &quot;header-logo&quot; is -370px left which is not in range of 368 to 372px (/specs/TbooksLoginPage.spec:29)
">
      <![CDATA[com.galenframework.support.LayoutValidationException: /specs/TbooksLoginPage.spec, tags: [desktop]
  - "header-logo" is -370px left which is not in range of 368 to 372px (/specs/TbooksLoginPage.spec:29)

	at com.galenframework.support.GalenJavaTestBase.checkLayout(GalenJavaTestBase.java:129)
	at com.galenframework.support.GalenJavaTestBase.checkLayout(GalenJavaTestBase.java:111)
	at com.galenframework.java.sample.tests.TbooksHomePageTest.loginPage_shouldLookGood_onDevice(TbooksHomePageTest.java:22)
	at sun.reflect.NativeMethodAccessorImpl.invoke0(Native Method)
	at sun.reflect.NativeMethodAccessorImpl.invoke(NativeMethodAccessorImpl.java:62)
	at sun.reflect.DelegatingMethodAccessorImpl.invoke(DelegatingMethodAccessorImpl.java:43)
	at java.lang.reflect.Method.invoke(Method.java:498)
	at org.testng.internal.MethodInvocationHelper.invokeMethod(MethodInvocationHelper.java:80)
	at org.testng.internal.Invoker.invokeMethod(Invoker.java:715)
	at org.testng.internal.Invoker.invokeTestMethod(Invoker.java:907)
	at org.testng.internal.Invoker.invokeTestMethods(Invoker.java:1237)
	at org.testng.internal.TestMethodWorker.invokeTestMethods(TestMethodWorker.java:127)
	at org.testng.internal.TestMethodWorker.run(TestMethodWorker.java:111)
	at org.testng.TestRunner.privateRun(TestRunner.java:767)
	at org.testng.TestRunner.run(TestRunner.java:617)
	at org.testng.SuiteRunner.runTest(SuiteRunner.java:334)
	at org.testng.SuiteRunner.runSequentially(SuiteRunner.java:329)
	at org.testng.SuiteRunner.privateRun(SuiteRunner.java:291)
	at org.testng.SuiteRunner.run(SuiteRunner.java:240)
	at org.testng.SuiteRunnerWorker.runSuite(SuiteRunnerWorker.java:51)
	at org.testng.SuiteRunnerWorker.run(SuiteRunnerWorker.java:85)
	at org.testng.TestNG.runSuitesSequentially(TestNG.java:1197)
	at org.testng.TestNG.runSuitesLocally(TestNG.java:1122)
	at org.testng.TestNG.run(TestNG.java:1030)
	at org.testng.remote.AbstractRemoteTestNG.run(AbstractRemoteTestNG.java:114)
	at org.testng.remote.RemoteTestNG.initAndRun(RemoteTestNG.java:251)
	at org.testng.remote.RemoteTestNG.main(RemoteTestNG.java:77)
]]>
    </failure>
  </testcase> <!-- loginPage_shouldLookGood_onDevice -->
</testsuite> <!-- com.galenframework.java.sample.tests.TbooksHomePageTest -->
